Flow report for Pathfinding
Tue Aug 01 13:45:33 2023
Quartus Prime Version 16.1.2 Build 203 01/18/2017 SJ Lite Edition


---------------------
; Table of Contents ;
---------------------
  1. Legal Notice
  2. Flow Summary
  3. Flow Settings
  4. Flow Non-Default Global Settings
  5. Flow Elapsed Time
  6. Flow OS Summary
  7. Flow Log
  8. Flow Messages
  9. Flow Suppressed Messages



----------------
; Legal Notice ;
----------------
Copyright (C) 2017  Intel Corporation. All rights reserved.
Your use of Intel Corporation's design tools, logic functions 
and other software and tools, and its AMPP partner logic 
functions, and any output files from any of the foregoing 
(including device programming or simulation files), and any 
associated documentation or information are expressly subject 
to the terms and conditions of the Intel Program License 
Subscription Agreement, the Intel Quartus Prime License Agreement,
the Intel MegaCore Function License Agreement, or other 
applicable license agreement, including, without limitation, 
that your use is for the sole purpose of programming logic 
devices manufactured by Intel and sold by Intel or its 
authorized distributors.  Please refer to the applicable 
agreement for further details.



+-------------------------------------------------------------------------------+
; Flow Summary                                                                  ;
+---------------------------------+---------------------------------------------+
; Flow Status                     ; Successful - Tue Aug 01 13:45:25 2023       ;
; Quartus Prime Version           ; 16.1.2 Build 203 01/18/2017 SJ Lite Edition ;
; Revision Name                   ; Pathfinding                                 ;
; Top-level Entity Name           ; PathfindingAccelerator                      ;
; Family                          ; Cyclone V                                   ;
; Device                          ; 5CSEMA5F31C6                                ;
; Timing Models                   ; Final                                       ;
; Logic utilization (in ALMs)     ; 149 / 32,070 ( < 1 % )                      ;
; Total registers                 ; 198                                         ;
; Total pins                      ; 67 / 457 ( 15 % )                           ;
; Total virtual pins              ; 0                                           ;
; Total block memory bits         ; 4,096 / 4,065,280 ( < 1 % )                 ;
; Total DSP Blocks                ; 0 / 87 ( 0 % )                              ;
; Total HSSI RX PCSs              ; 0                                           ;
; Total HSSI PMA RX Deserializers ; 0                                           ;
; Total HSSI TX PCSs              ; 0                                           ;
; Total HSSI PMA TX Serializers   ; 0                                           ;
; Total PLLs                      ; 0 / 6 ( 0 % )                               ;
; Total DLLs                      ; 0 / 4 ( 0 % )                               ;
+---------------------------------+---------------------------------------------+


+-----------------------------------------+
; Flow Settings                           ;
+-------------------+---------------------+
; Option            ; Setting             ;
+-------------------+---------------------+
; Start date & time ; 08/01/2023 13:42:15 ;
; Main task         ; Compilation         ;
; Revision Name     ; Pathfinding         ;
+-------------------+---------------------+


+------------------------------------------------------------------------------------------------------------------------------------+
; Flow Non-Default Global Settings                                                                                                   ;
+-------------------------------------+----------------------------------------+---------------+------------------------+------------+
; Assignment Name                     ; Value                                  ; Default Value ; Entity Name            ; Section Id ;
+-------------------------------------+----------------------------------------+---------------+------------------------+------------+
; COMPILER_SIGNATURE_ID               ; 10995770589193.169092253514828         ; --            ; --                     ; --         ;
; MAX_CORE_JUNCTION_TEMP              ; 85                                     ; --            ; --                     ; --         ;
; MIN_CORE_JUNCTION_TEMP              ; 0                                      ; --            ; --                     ; --         ;
; PARTITION_COLOR                     ; -- (Not supported for targeted family) ; --            ; PathfindingAccelerator ; Top        ;
; PARTITION_FITTER_PRESERVATION_LEVEL ; -- (Not supported for targeted family) ; --            ; PathfindingAccelerator ; Top        ;
; PARTITION_NETLIST_TYPE              ; -- (Not supported for targeted family) ; --            ; PathfindingAccelerator ; Top        ;
; POWER_BOARD_THERMAL_MODEL           ; None (CONSERVATIVE)                    ; --            ; --                     ; --         ;
; POWER_PRESET_COOLING_SOLUTION       ; 23 MM HEAT SINK WITH 200 LFPM AIRFLOW  ; --            ; --                     ; --         ;
; SEARCH_PATH                         ; .                                      ; --            ; --                     ; --         ;
; TOP_LEVEL_ENTITY                    ; PathfindingAccelerator                 ; Pathfinding   ; --                     ; --         ;
+-------------------------------------+----------------------------------------+---------------+------------------------+------------+


+-------------------------------------------------------------------------------------------------------------------------------+
; Flow Elapsed Time                                                                                                             ;
+---------------------------+--------------+-------------------------+---------------------+------------------------------------+
; Module Name               ; Elapsed Time ; Average Processors Used ; Peak Virtual Memory ; Total CPU Time (on all processors) ;
+---------------------------+--------------+-------------------------+---------------------+------------------------------------+
; Analysis & Synthesis      ; 00:00:39     ; 1.0                     ; 4896 MB             ; 00:00:06                           ;
; Fitter                    ; 00:02:16     ; 1.0                     ; 7637 MB             ; 00:01:53                           ;
; Assembler                 ; 00:00:12     ; 1.0                     ; 4835 MB             ; 00:00:02                           ;
; TimeQuest Timing Analyzer ; 00:00:07     ; 1.4                     ; 5296 MB             ; 00:00:01                           ;
; Total                     ; 00:03:14     ; --                      ; --                  ; 00:02:02                           ;
+---------------------------+--------------+-------------------------+---------------------+------------------------------------+


+-----------------------------------------------------------------------------------------+
; Flow OS Summary                                                                         ;
+---------------------------+------------------+------------+------------+----------------+
; Module Name               ; Machine Hostname ; OS Name    ; OS Version ; Processor type ;
+---------------------------+------------------+------------+------------+----------------+
; Analysis & Synthesis      ; ChinsLaptop      ; Windows 10 ; 10.0       ; x86_64         ;
; Fitter                    ; ChinsLaptop      ; Windows 10 ; 10.0       ; x86_64         ;
; Assembler                 ; ChinsLaptop      ; Windows 10 ; 10.0       ; x86_64         ;
; TimeQuest Timing Analyzer ; ChinsLaptop      ; Windows 10 ; 10.0       ; x86_64         ;
+---------------------------+------------------+------------+------------+----------------+


------------
; Flow Log ;
------------
quartus_map --read_settings_files=on --write_settings_files=off Pathfinding -c Pathfinding
quartus_fit --read_settings_files=off --write_settings_files=off Pathfinding -c Pathfinding
quartus_asm --read_settings_files=off --write_settings_files=off Pathfinding -c Pathfinding
quartus_sta Pathfinding -c Pathfinding



